{"name":"hexo","hostname":"looplab","pid":6888,"level":20,"msg":"Hexo version: \u001b[35m3.2.2\u001b[39m","time":"2016-10-14T13:50:23.089Z","v":0}
{"name":"hexo","hostname":"looplab","pid":6888,"level":20,"msg":"Working directory: \u001b[35m~/Desktop/hexo1/\u001b[39m","time":"2016-10-14T13:50:23.119Z","v":0}
{"name":"hexo","hostname":"looplab","pid":6888,"level":20,"msg":"Config loaded: \u001b[35m~/Desktop/hexo1/_config.yml\u001b[39m","time":"2016-10-14T13:50:23.583Z","v":0}
{"name":"hexo","hostname":"looplab","pid":6888,"level":20,"msg":"Plugin loaded: \u001b[35mhexo-generator-archive\u001b[39m","time":"2016-10-14T13:50:23.645Z","v":0}
{"name":"hexo","hostname":"looplab","pid":6888,"level":20,"msg":"Plugin loaded: \u001b[35mhexo-generator-category\u001b[39m","time":"2016-10-14T13:50:23.650Z","v":0}
{"name":"hexo","hostname":"looplab","pid":6888,"level":20,"msg":"Plugin loaded: \u001b[35mhexo-generator-index\u001b[39m","time":"2016-10-14T13:50:23.662Z","v":0}
{"name":"hexo","hostname":"looplab","pid":6888,"level":20,"msg":"Plugin loaded: \u001b[35mhexo-generator-tag\u001b[39m","time":"2016-10-14T13:50:23.666Z","v":0}
{"name":"hexo","hostname":"looplab","pid":6888,"level":20,"msg":"Plugin loaded: \u001b[35mhexo-renderer-ejs\u001b[39m","time":"2016-10-14T13:50:23.699Z","v":0}
{"name":"hexo","hostname":"looplab","pid":6888,"level":20,"msg":"Plugin loaded: \u001b[35mhexo-renderer-stylus\u001b[39m","time":"2016-10-14T13:50:23.705Z","v":0}
{"name":"hexo","hostname":"looplab","pid":6888,"level":20,"msg":"Plugin loaded: \u001b[35mhexo-renderer-marked\u001b[39m","time":"2016-10-14T13:50:23.725Z","v":0}
{"name":"hexo","hostname":"looplab","pid":6888,"level":20,"msg":"Plugin loaded: \u001b[35mhexo-server\u001b[39m","time":"2016-10-14T13:50:24.034Z","v":0}
{"name":"hexo","hostname":"looplab","pid":6888,"level":20,"msg":"Loading database.","time":"2016-10-14T13:50:24.068Z","v":0}
{"name":"hexo","hostname":"looplab","pid":6888,"level":30,"msg":"Start processing","time":"2016-10-14T13:50:24.143Z","v":0}
{"name":"hexo","hostname":"looplab","pid":6888,"level":20,"msg":"Processed: \u001b[35msource/favicon.ico\u001b[39m","time":"2016-10-14T13:50:24.257Z","v":0}
{"name":"hexo","hostname":"looplab","pid":6888,"level":20,"msg":"Processed: \u001b[35m_posts/hello-world.md\u001b[39m","time":"2016-10-14T13:50:24.283Z","v":0}
{"name":"hexo","hostname":"looplab","pid":6888,"level":20,"msg":"Processed: \u001b[35msource/css/looplab.styl\u001b[39m","time":"2016-10-14T13:50:24.298Z","v":0}
{"name":"hexo","hostname":"looplab","pid":6888,"level":20,"msg":"Processed: \u001b[35msource/js/looplab.js\u001b[39m","time":"2016-10-14T13:50:24.299Z","v":0}
{"name":"hexo","hostname":"looplab","pid":6888,"level":20,"msg":"Theme config loaded.","time":"2016-10-14T13:50:24.354Z","v":0}
{"name":"hexo","hostname":"looplab","pid":6888,"level":20,"msg":"Processed: \u001b[35m_config.yml\u001b[39m","time":"2016-10-14T13:50:24.356Z","v":0}
{"name":"hexo","hostname":"looplab","pid":6888,"level":20,"msg":"Processed: \u001b[35mlayout/archive.jade\u001b[39m","time":"2016-10-14T13:50:24.367Z","v":0}
{"name":"hexo","hostname":"looplab","pid":6888,"level":20,"msg":"Processed: \u001b[35mlayout/category.jade\u001b[39m","time":"2016-10-14T13:50:24.368Z","v":0}
{"name":"hexo","hostname":"looplab","pid":6888,"level":20,"msg":"Processed: \u001b[35mlayout/index.jade\u001b[39m","time":"2016-10-14T13:50:24.369Z","v":0}
{"name":"hexo","hostname":"looplab","pid":6888,"level":20,"msg":"Processed: \u001b[35mlayout/page.jade\u001b[39m","time":"2016-10-14T13:50:24.369Z","v":0}
{"name":"hexo","hostname":"looplab","pid":6888,"level":20,"msg":"Processed: \u001b[35mlayout/post.jade\u001b[39m","time":"2016-10-14T13:50:24.369Z","v":0}
{"name":"hexo","hostname":"looplab","pid":6888,"level":20,"msg":"Processed: \u001b[35mlayout/tag.jade\u001b[39m","time":"2016-10-14T13:50:24.370Z","v":0}
{"name":"hexo","hostname":"looplab","pid":6888,"level":20,"msg":"Processed: \u001b[35mlayout/includes/layout.jade\u001b[39m","time":"2016-10-14T13:50:24.384Z","v":0}
{"name":"hexo","hostname":"looplab","pid":6888,"level":20,"msg":"Processed: \u001b[35mlayout/includes/pagination.jade\u001b[39m","time":"2016-10-14T13:50:24.385Z","v":0}
{"name":"hexo","hostname":"looplab","pid":6888,"level":20,"msg":"Processed: \u001b[35mlayout/includes/recent-posts.jade\u001b[39m","time":"2016-10-14T13:50:24.387Z","v":0}
{"name":"hexo","hostname":"looplab","pid":6888,"level":20,"msg":"Generator: \u001b[35mpage\u001b[39m","time":"2016-10-14T13:50:24.484Z","v":0}
{"name":"hexo","hostname":"looplab","pid":6888,"level":20,"msg":"Generator: \u001b[35mpost\u001b[39m","time":"2016-10-14T13:50:24.485Z","v":0}
{"name":"hexo","hostname":"looplab","pid":6888,"level":20,"msg":"Generator: \u001b[35marchive\u001b[39m","time":"2016-10-14T13:50:24.485Z","v":0}
{"name":"hexo","hostname":"looplab","pid":6888,"level":20,"msg":"Generator: \u001b[35mcategory\u001b[39m","time":"2016-10-14T13:50:24.487Z","v":0}
{"name":"hexo","hostname":"looplab","pid":6888,"level":20,"msg":"Generator: \u001b[35mindex\u001b[39m","time":"2016-10-14T13:50:24.487Z","v":0}
{"name":"hexo","hostname":"looplab","pid":6888,"level":20,"msg":"Generator: \u001b[35mtag\u001b[39m","time":"2016-10-14T13:50:24.490Z","v":0}
{"name":"hexo","hostname":"looplab","pid":6888,"level":20,"msg":"Generator: \u001b[35masset\u001b[39m","time":"2016-10-14T13:50:24.493Z","v":0}
{"name":"hexo","hostname":"looplab","pid":6888,"level":30,"msg":"Hexo is running at \u001b[4mhttp://localhost:4000/\u001b[24m. Press Ctrl+C to stop.","time":"2016-10-14T13:50:24.521Z","v":0}
{"name":"hexo","hostname":"looplab","pid":6888,"level":20,"msg":"Database saved","time":"2016-10-14T13:50:24.565Z","v":0}
{"name":"hexo","hostname":"looplab","pid":6888,"level":20,"msg":"Rendering index: \u001b[35mindex.html\u001b[39m","time":"2016-10-14T13:50:39.966Z","v":0}
{"name":"hexo","hostname":"looplab","pid":6888,"level":30,"msg":"Have a nice day","time":"2016-10-15T05:51:18.557Z","v":0}
{"name":"hexo","hostname":"looplab","pid":6888,"level":20,"msg":"Database saved","time":"2016-10-15T05:51:18.843Z","v":0}
{"name":"hexo","hostname":"looplab","pid":11049,"level":20,"msg":"Hexo version: \u001b[35m3.2.2\u001b[39m","time":"2016-10-15T05:54:41.813Z","v":0}
{"name":"hexo","hostname":"looplab","pid":11049,"level":20,"msg":"Working directory: \u001b[35m~/Desktop/hexo1/\u001b[39m","time":"2016-10-15T05:54:41.825Z","v":0}
{"name":"hexo","hostname":"looplab","pid":11049,"level":20,"msg":"Config loaded: \u001b[35m~/Desktop/hexo1/_config.yml\u001b[39m","time":"2016-10-15T05:54:42.749Z","v":0}
{"name":"hexo","hostname":"looplab","pid":11049,"level":20,"msg":"Plugin loaded: \u001b[35mhexo-generator-category\u001b[39m","time":"2016-10-15T05:54:42.941Z","v":0}
{"name":"hexo","hostname":"looplab","pid":11049,"level":20,"msg":"Plugin loaded: \u001b[35mhexo-generator-archive\u001b[39m","time":"2016-10-15T05:54:42.981Z","v":0}
{"name":"hexo","hostname":"looplab","pid":11049,"level":20,"msg":"Plugin loaded: \u001b[35mhexo-generator-index\u001b[39m","time":"2016-10-15T05:54:43.011Z","v":0}
{"name":"hexo","hostname":"looplab","pid":11049,"level":20,"msg":"Plugin loaded: \u001b[35mhexo-generator-tag\u001b[39m","time":"2016-10-15T05:54:43.024Z","v":0}
{"name":"hexo","hostname":"looplab","pid":11049,"level":20,"msg":"Plugin loaded: \u001b[35mhexo-renderer-ejs\u001b[39m","time":"2016-10-15T05:54:43.077Z","v":0}
{"name":"hexo","hostname":"looplab","pid":11049,"level":20,"msg":"Plugin loaded: \u001b[35mhexo-renderer-stylus\u001b[39m","time":"2016-10-15T05:54:43.095Z","v":0}
{"name":"hexo","hostname":"looplab","pid":11049,"level":20,"msg":"Plugin loaded: \u001b[35mhexo-renderer-marked\u001b[39m","time":"2016-10-15T05:54:43.141Z","v":0}
{"name":"hexo","hostname":"looplab","pid":11049,"level":20,"msg":"Plugin loaded: \u001b[35mhexo-server\u001b[39m","time":"2016-10-15T05:54:43.840Z","v":0}
{"name":"hexo","hostname":"looplab","pid":11049,"level":20,"msg":"Loading database.","time":"2016-10-15T05:54:43.873Z","v":0}
{"name":"hexo","hostname":"looplab","pid":11049,"level":30,"msg":"Start processing","time":"2016-10-15T05:54:43.984Z","v":0}
{"name":"hexo","hostname":"looplab","pid":11049,"level":20,"msg":"Processed: \u001b[35msource/favicon.ico\u001b[39m","time":"2016-10-15T05:54:44.107Z","v":0}
{"name":"hexo","hostname":"looplab","pid":11049,"level":20,"msg":"Processed: \u001b[35msource/css/looplab1.styl\u001b[39m","time":"2016-10-15T05:54:44.114Z","v":0}
{"name":"hexo","hostname":"looplab","pid":11049,"level":20,"msg":"Theme config loaded.","time":"2016-10-15T05:54:44.124Z","v":0}
{"name":"hexo","hostname":"looplab","pid":11049,"level":20,"msg":"Processed: \u001b[35m_posts/hello-world.md\u001b[39m","time":"2016-10-15T05:54:44.134Z","v":0}
{"name":"hexo","hostname":"looplab","pid":11049,"level":20,"msg":"Processed: \u001b[35m_config.yml\u001b[39m","time":"2016-10-15T05:54:44.136Z","v":0}
{"name":"hexo","hostname":"looplab","pid":11049,"level":20,"msg":"Processed: \u001b[35msource/js/looplab1.js\u001b[39m","time":"2016-10-15T05:54:44.138Z","v":0}
{"name":"hexo","hostname":"looplab","pid":11049,"level":20,"msg":"Processed: \u001b[35mlayout/archive.ejs\u001b[39m","time":"2016-10-15T05:54:44.363Z","v":0}
{"name":"hexo","hostname":"looplab","pid":11049,"level":20,"msg":"Processed: \u001b[35mlayout/category.ejs\u001b[39m","time":"2016-10-15T05:54:44.363Z","v":0}
{"name":"hexo","hostname":"looplab","pid":11049,"level":20,"msg":"Processed: \u001b[35mlayout/index.ejs\u001b[39m","time":"2016-10-15T05:54:44.363Z","v":0}
{"name":"hexo","hostname":"looplab","pid":11049,"level":20,"msg":"Processed: \u001b[35mlayout/page.ejs\u001b[39m","time":"2016-10-15T05:54:44.364Z","v":0}
{"name":"hexo","hostname":"looplab","pid":11049,"level":20,"msg":"Processed: \u001b[35mlayout/layout.ejs\u001b[39m","time":"2016-10-15T05:54:44.364Z","v":0}
{"name":"hexo","hostname":"looplab","pid":11049,"level":20,"msg":"Processed: \u001b[35mlayout/post.ejs\u001b[39m","time":"2016-10-15T05:54:44.364Z","v":0}
{"name":"hexo","hostname":"looplab","pid":11049,"level":20,"msg":"Processed: \u001b[35mlayout/tag.ejs\u001b[39m","time":"2016-10-15T05:54:44.365Z","v":0}
{"name":"hexo","hostname":"looplab","pid":11049,"level":20,"msg":"Processed: \u001b[35mlayout/partials/pagination.ejs\u001b[39m","time":"2016-10-15T05:54:44.372Z","v":0}
{"name":"hexo","hostname":"looplab","pid":11049,"level":20,"msg":"Processed: \u001b[35mlayout/partials/recent-posts.ejs\u001b[39m","time":"2016-10-15T05:54:44.373Z","v":0}
{"name":"hexo","hostname":"looplab","pid":11049,"level":20,"msg":"Generator: \u001b[35mpage\u001b[39m","time":"2016-10-15T05:54:44.467Z","v":0}
{"name":"hexo","hostname":"looplab","pid":11049,"level":20,"msg":"Generator: \u001b[35mpost\u001b[39m","time":"2016-10-15T05:54:44.468Z","v":0}
{"name":"hexo","hostname":"looplab","pid":11049,"level":20,"msg":"Generator: \u001b[35mcategory\u001b[39m","time":"2016-10-15T05:54:44.468Z","v":0}
{"name":"hexo","hostname":"looplab","pid":11049,"level":20,"msg":"Generator: \u001b[35marchive\u001b[39m","time":"2016-10-15T05:54:44.468Z","v":0}
{"name":"hexo","hostname":"looplab","pid":11049,"level":20,"msg":"Generator: \u001b[35mindex\u001b[39m","time":"2016-10-15T05:54:44.468Z","v":0}
{"name":"hexo","hostname":"looplab","pid":11049,"level":20,"msg":"Generator: \u001b[35mtag\u001b[39m","time":"2016-10-15T05:54:44.471Z","v":0}
{"name":"hexo","hostname":"looplab","pid":11049,"level":20,"msg":"Generator: \u001b[35masset\u001b[39m","time":"2016-10-15T05:54:44.498Z","v":0}
{"name":"hexo","hostname":"looplab","pid":11049,"level":30,"msg":"Hexo is running at \u001b[4mhttp://localhost:8897/\u001b[24m. Press Ctrl+C to stop.","time":"2016-10-15T05:54:44.516Z","v":0}
{"name":"hexo","hostname":"looplab","pid":11049,"level":20,"msg":"Database saved","time":"2016-10-15T05:54:44.577Z","v":0}
{"name":"hexo","hostname":"looplab","pid":11049,"level":20,"msg":"Rendering index: \u001b[35mindex.html\u001b[39m","time":"2016-10-15T05:54:59.715Z","v":0}
{"name":"hexo","hostname":"looplab","pid":11049,"level":20,"msg":"Rendering archive: \u001b[35marchives/index.html\u001b[39m","time":"2016-10-15T05:56:20.179Z","v":0}
{"name":"hexo","hostname":"looplab","pid":11049,"level":20,"msg":"Processed: \u001b[35msource/css/looplab1.styl\u001b[39m","time":"2016-10-15T06:07:32.431Z","v":0}
{"name":"hexo","hostname":"looplab","pid":11049,"level":20,"msg":"Generator: \u001b[35mpage\u001b[39m","time":"2016-10-15T06:07:32.554Z","v":0}
{"name":"hexo","hostname":"looplab","pid":11049,"level":20,"msg":"Generator: \u001b[35mpost\u001b[39m","time":"2016-10-15T06:07:32.555Z","v":0}
{"name":"hexo","hostname":"looplab","pid":11049,"level":20,"msg":"Generator: \u001b[35mcategory\u001b[39m","time":"2016-10-15T06:07:32.556Z","v":0}
{"name":"hexo","hostname":"looplab","pid":11049,"level":20,"msg":"Generator: \u001b[35marchive\u001b[39m","time":"2016-10-15T06:07:32.556Z","v":0}
{"name":"hexo","hostname":"looplab","pid":11049,"level":20,"msg":"Generator: \u001b[35mindex\u001b[39m","time":"2016-10-15T06:07:32.556Z","v":0}
{"name":"hexo","hostname":"looplab","pid":11049,"level":20,"msg":"Generator: \u001b[35mtag\u001b[39m","time":"2016-10-15T06:07:32.558Z","v":0}
{"name":"hexo","hostname":"looplab","pid":11049,"level":20,"msg":"Generator: \u001b[35masset\u001b[39m","time":"2016-10-15T06:07:32.562Z","v":0}
{"name":"hexo","hostname":"looplab","pid":11049,"level":20,"msg":"Processed: \u001b[35msource/css/looplab1.styl\u001b[39m","time":"2016-10-15T06:07:32.750Z","v":0}
{"name":"hexo","hostname":"looplab","pid":11049,"level":20,"msg":"Generator: \u001b[35mpage\u001b[39m","time":"2016-10-15T06:07:32.879Z","v":0}
{"name":"hexo","hostname":"looplab","pid":11049,"level":20,"msg":"Generator: \u001b[35mpost\u001b[39m","time":"2016-10-15T06:07:32.880Z","v":0}
{"name":"hexo","hostname":"looplab","pid":11049,"level":20,"msg":"Generator: \u001b[35mcategory\u001b[39m","time":"2016-10-15T06:07:32.883Z","v":0}
{"name":"hexo","hostname":"looplab","pid":11049,"level":20,"msg":"Generator: \u001b[35marchive\u001b[39m","time":"2016-10-15T06:07:32.884Z","v":0}
{"name":"hexo","hostname":"looplab","pid":11049,"level":20,"msg":"Generator: \u001b[35mindex\u001b[39m","time":"2016-10-15T06:07:32.884Z","v":0}
{"name":"hexo","hostname":"looplab","pid":11049,"level":20,"msg":"Generator: \u001b[35mtag\u001b[39m","time":"2016-10-15T06:07:32.884Z","v":0}
{"name":"hexo","hostname":"looplab","pid":11049,"level":20,"msg":"Generator: \u001b[35masset\u001b[39m","time":"2016-10-15T06:07:32.886Z","v":0}
{"name":"hexo","hostname":"looplab","pid":11049,"level":20,"msg":"Rendering index: \u001b[35mindex.html\u001b[39m","time":"2016-10-15T06:07:55.943Z","v":0}
{"name":"hexo","hostname":"looplab","pid":11049,"level":20,"msg":"Processed: \u001b[35msource/css/looplab1.styl\u001b[39m","time":"2016-10-15T06:17:54.356Z","v":0}
{"name":"hexo","hostname":"looplab","pid":11049,"level":20,"msg":"Generator: \u001b[35mpage\u001b[39m","time":"2016-10-15T06:17:54.496Z","v":0}
{"name":"hexo","hostname":"looplab","pid":11049,"level":20,"msg":"Generator: \u001b[35mpost\u001b[39m","time":"2016-10-15T06:17:54.497Z","v":0}
{"name":"hexo","hostname":"looplab","pid":11049,"level":20,"msg":"Generator: \u001b[35mcategory\u001b[39m","time":"2016-10-15T06:17:54.497Z","v":0}
{"name":"hexo","hostname":"looplab","pid":11049,"level":20,"msg":"Generator: \u001b[35marchive\u001b[39m","time":"2016-10-15T06:17:54.497Z","v":0}
{"name":"hexo","hostname":"looplab","pid":11049,"level":20,"msg":"Generator: \u001b[35mindex\u001b[39m","time":"2016-10-15T06:17:54.497Z","v":0}
{"name":"hexo","hostname":"looplab","pid":11049,"level":20,"msg":"Generator: \u001b[35mtag\u001b[39m","time":"2016-10-15T06:17:54.498Z","v":0}
{"name":"hexo","hostname":"looplab","pid":11049,"level":20,"msg":"Generator: \u001b[35masset\u001b[39m","time":"2016-10-15T06:17:54.515Z","v":0}
{"name":"hexo","hostname":"looplab","pid":11049,"level":20,"msg":"Processed: \u001b[35msource/css/looplab1.styl\u001b[39m","time":"2016-10-15T06:17:54.535Z","v":0}
{"name":"hexo","hostname":"looplab","pid":11049,"level":20,"msg":"Generator: \u001b[35mpage\u001b[39m","time":"2016-10-15T06:17:54.647Z","v":0}
{"name":"hexo","hostname":"looplab","pid":11049,"level":20,"msg":"Generator: \u001b[35mpost\u001b[39m","time":"2016-10-15T06:17:54.648Z","v":0}
{"name":"hexo","hostname":"looplab","pid":11049,"level":20,"msg":"Generator: \u001b[35mcategory\u001b[39m","time":"2016-10-15T06:17:54.650Z","v":0}
{"name":"hexo","hostname":"looplab","pid":11049,"level":20,"msg":"Generator: \u001b[35marchive\u001b[39m","time":"2016-10-15T06:17:54.651Z","v":0}
{"name":"hexo","hostname":"looplab","pid":11049,"level":20,"msg":"Generator: \u001b[35mindex\u001b[39m","time":"2016-10-15T06:17:54.651Z","v":0}
{"name":"hexo","hostname":"looplab","pid":11049,"level":20,"msg":"Generator: \u001b[35mtag\u001b[39m","time":"2016-10-15T06:17:54.651Z","v":0}
{"name":"hexo","hostname":"looplab","pid":11049,"level":20,"msg":"Generator: \u001b[35masset\u001b[39m","time":"2016-10-15T06:17:54.652Z","v":0}
{"name":"hexo","hostname":"looplab","pid":11049,"level":20,"msg":"Processed: \u001b[35msource/css/looplab1.styl\u001b[39m","time":"2016-10-15T06:17:54.743Z","v":0}
{"name":"hexo","hostname":"looplab","pid":11049,"level":20,"msg":"Generator: \u001b[35mpage\u001b[39m","time":"2016-10-15T06:17:54.854Z","v":0}
{"name":"hexo","hostname":"looplab","pid":11049,"level":20,"msg":"Generator: \u001b[35mpost\u001b[39m","time":"2016-10-15T06:17:54.855Z","v":0}
{"name":"hexo","hostname":"looplab","pid":11049,"level":20,"msg":"Generator: \u001b[35mcategory\u001b[39m","time":"2016-10-15T06:17:54.855Z","v":0}
{"name":"hexo","hostname":"looplab","pid":11049,"level":20,"msg":"Generator: \u001b[35marchive\u001b[39m","time":"2016-10-15T06:17:54.856Z","v":0}
{"name":"hexo","hostname":"looplab","pid":11049,"level":20,"msg":"Generator: \u001b[35mindex\u001b[39m","time":"2016-10-15T06:17:54.856Z","v":0}
{"name":"hexo","hostname":"looplab","pid":11049,"level":20,"msg":"Generator: \u001b[35mtag\u001b[39m","time":"2016-10-15T06:17:54.856Z","v":0}
{"name":"hexo","hostname":"looplab","pid":11049,"level":20,"msg":"Generator: \u001b[35masset\u001b[39m","time":"2016-10-15T06:17:54.859Z","v":0}
{"name":"hexo","hostname":"looplab","pid":11049,"level":20,"msg":"Rendering index: \u001b[35mindex.html\u001b[39m","time":"2016-10-15T06:18:02.008Z","v":0}
{"name":"hexo","hostname":"looplab","pid":11049,"level":30,"msg":"Farewell","time":"2016-10-15T06:21:48.771Z","v":0}
{"name":"hexo","hostname":"looplab","pid":11049,"level":20,"msg":"Database saved","time":"2016-10-15T06:21:48.800Z","v":0}
{"name":"hexo","hostname":"looplab","pid":20202,"level":20,"msg":"Hexo version: \u001b[35m3.2.2\u001b[39m","time":"2016-10-15T19:39:33.908Z","v":0}
{"name":"hexo","hostname":"looplab","pid":20202,"level":20,"msg":"Working directory: \u001b[35m~/Desktop/looplab/looplab-site/\u001b[39m","time":"2016-10-15T19:39:33.919Z","v":0}
{"name":"hexo","hostname":"looplab","pid":20202,"level":20,"msg":"Config loaded: \u001b[35m~/Desktop/looplab/looplab-site/_config.yml\u001b[39m","time":"2016-10-15T19:39:34.247Z","v":0}
{"name":"hexo","hostname":"looplab","pid":20202,"level":20,"msg":"Plugin loaded: \u001b[35mhexo-deployer-git\u001b[39m","time":"2016-10-15T19:39:34.301Z","v":0}
{"name":"hexo","hostname":"looplab","pid":20202,"level":20,"msg":"Plugin loaded: \u001b[35mhexo-generator-archive\u001b[39m","time":"2016-10-15T19:39:34.311Z","v":0}
{"name":"hexo","hostname":"looplab","pid":20202,"level":20,"msg":"Plugin loaded: \u001b[35mhexo-generator-category\u001b[39m","time":"2016-10-15T19:39:34.317Z","v":0}
{"name":"hexo","hostname":"looplab","pid":20202,"level":20,"msg":"Plugin loaded: \u001b[35mhexo-generator-index\u001b[39m","time":"2016-10-15T19:39:34.323Z","v":0}
{"name":"hexo","hostname":"looplab","pid":20202,"level":20,"msg":"Plugin loaded: \u001b[35mhexo-generator-tag\u001b[39m","time":"2016-10-15T19:39:34.326Z","v":0}
{"name":"hexo","hostname":"looplab","pid":20202,"level":20,"msg":"Plugin loaded: \u001b[35mhexo-renderer-ejs\u001b[39m","time":"2016-10-15T19:39:34.335Z","v":0}
{"name":"hexo","hostname":"looplab","pid":20202,"level":20,"msg":"Plugin loaded: \u001b[35mhexo-renderer-jade\u001b[39m","time":"2016-10-15T19:39:35.075Z","v":0}
{"name":"hexo","hostname":"looplab","pid":20202,"level":20,"msg":"Plugin loaded: \u001b[35mhexo-renderer-marked\u001b[39m","time":"2016-10-15T19:39:35.091Z","v":0}
{"name":"hexo","hostname":"looplab","pid":20202,"level":20,"msg":"Plugin loaded: \u001b[35mhexo-renderer-stylus\u001b[39m","time":"2016-10-15T19:39:35.095Z","v":0}
{"name":"hexo","hostname":"looplab","pid":20202,"level":20,"msg":"Plugin loaded: \u001b[35mhexo-server\u001b[39m","time":"2016-10-15T19:39:35.216Z","v":0}
{"name":"hexo","hostname":"looplab","pid":20202,"level":20,"msg":"Loading database.","time":"2016-10-15T19:39:35.240Z","v":0}
{"name":"hexo","hostname":"looplab","pid":20202,"level":30,"msg":"Start processing","time":"2016-10-15T19:39:35.335Z","v":0}
{"name":"hexo","hostname":"looplab","pid":20202,"level":20,"msg":"Processed: \u001b[35m_posts/hello-world.md\u001b[39m","time":"2016-10-15T19:39:35.441Z","v":0}
{"name":"hexo","hostname":"looplab","pid":20202,"level":20,"msg":"Processed: \u001b[35msource/favicon.ico\u001b[39m","time":"2016-10-15T19:39:35.516Z","v":0}
{"name":"hexo","hostname":"looplab","pid":20202,"level":20,"msg":"Processed: \u001b[35msource/css/looplab.styl\u001b[39m","time":"2016-10-15T19:39:35.518Z","v":0}
{"name":"hexo","hostname":"looplab","pid":20202,"level":20,"msg":"Theme config loaded.","time":"2016-10-15T19:39:35.527Z","v":0}
{"name":"hexo","hostname":"looplab","pid":20202,"level":20,"msg":"Processed: \u001b[35m_config.yml\u001b[39m","time":"2016-10-15T19:39:35.530Z","v":0}
{"name":"hexo","hostname":"looplab","pid":20202,"level":20,"msg":"Processed: \u001b[35msource/js/looplab.js\u001b[39m","time":"2016-10-15T19:39:35.531Z","v":0}
{"name":"hexo","hostname":"looplab","pid":20202,"level":50,"err":{"message":"/home/doriel/Desktop/looplab/looplab-site/themes/looplab/layout/includes/layout.jade:37\n    35|         span using\n    36|         a(href='http://hexo.io')\n  > 37|           span= ' ' + hexo blog framework ALgo + ' '\n    38|         span .\n    39|         br\n    40|         a(href=config.root) Inicio\n\nUnexpected identifier","name":"SyntaxError","stack":"SyntaxError: /home/doriel/Desktop/looplab/looplab-site/themes/looplab/layout/includes/layout.jade:37\n    35|         span using\n    36|         a(href='http://hexo.io')\n  > 37|           span= ' ' + hexo blog framework ALgo + ' '\n    38|         span .\n    39|         br\n    40|         a(href=config.root) Inicio\n\nUnexpected identifier\n    at Function (native)\n    at assertExpression (/home/doriel/Desktop/looplab/looplab-site/node_modules/jade/lib/lexer.js:30:3)\n    at Object.Lexer.code (/home/doriel/Desktop/looplab/looplab-site/node_modules/jade/lib/lexer.js:584:23)\n    at Object.Lexer.next (/home/doriel/Desktop/looplab/looplab-site/node_modules/jade/lib/lexer.js:936:15)\n    at Object.Lexer.lookahead (/home/doriel/Desktop/looplab/looplab-site/node_modules/jade/lib/lexer.js:113:46)\n    at Parser.lookahead (/home/doriel/Desktop/looplab/looplab-site/node_modules/jade/lib/parser.js:102:23)\n    at Parser.peek (/home/doriel/Desktop/looplab/looplab-site/node_modules/jade/lib/parser.js:79:17)\n    at Parser.tag (/home/doriel/Desktop/looplab/looplab-site/node_modules/jade/lib/parser.js:773:22)\n    at Parser.parseTag (/home/doriel/Desktop/looplab/looplab-site/node_modules/jade/lib/parser.js:759:17)\n    at Parser.parseExpr (/home/doriel/Desktop/looplab/looplab-site/node_modules/jade/lib/parser.js:211:21)\n    at Parser.block (/home/doriel/Desktop/looplab/looplab-site/node_modules/jade/lib/parser.js:729:25)\n    at Parser.tag (/home/doriel/Desktop/looplab/looplab-site/node_modules/jade/lib/parser.js:838:24)\n    at Parser.parseTag (/home/doriel/Desktop/looplab/looplab-site/node_modules/jade/lib/parser.js:759:17)\n    at Parser.parseExpr (/home/doriel/Desktop/looplab/looplab-site/node_modules/jade/lib/parser.js:211:21)\n    at Parser.block (/home/doriel/Desktop/looplab/looplab-site/node_modules/jade/lib/parser.js:729:25)\n    at Parser.tag (/home/doriel/Desktop/looplab/looplab-site/node_modules/jade/lib/parser.js:838:24)\n    at Parser.parseTag (/home/doriel/Desktop/looplab/looplab-site/node_modules/jade/lib/parser.js:759:17)\n    at Parser.parseExpr (/home/doriel/Desktop/looplab/looplab-site/node_modules/jade/lib/parser.js:211:21)\n    at Parser.parseExpr (/home/doriel/Desktop/looplab/looplab-site/node_modules/jade/lib/parser.js:252:21)\n    at Parser.block (/home/doriel/Desktop/looplab/looplab-site/node_modules/jade/lib/parser.js:729:25)\n    at Parser.tag (/home/doriel/Desktop/looplab/looplab-site/node_modules/jade/lib/parser.js:838:24)\n    at Parser.parseTag (/home/doriel/Desktop/looplab/looplab-site/node_modules/jade/lib/parser.js:759:17)"},"msg":"Process failed: \u001b[35mlayout/archive.jade\u001b[39m","time":"2016-10-15T19:39:35.720Z","v":0}
{"name":"hexo","hostname":"looplab","pid":20202,"level":50,"err":{"message":"/home/doriel/Desktop/looplab/looplab-site/themes/looplab/layout/includes/layout.jade:37\n    35|         span using\n    36|         a(href='http://hexo.io')\n  > 37|           span= ' ' + hexo blog framework ALgo + ' '\n    38|         span .\n    39|         br\n    40|         a(href=config.root) Inicio\n\nUnexpected identifier","name":"SyntaxError","stack":"SyntaxError: /home/doriel/Desktop/looplab/looplab-site/themes/looplab/layout/includes/layout.jade:37\n    35|         span using\n    36|         a(href='http://hexo.io')\n  > 37|           span= ' ' + hexo blog framework ALgo + ' '\n    38|         span .\n    39|         br\n    40|         a(href=config.root) Inicio\n\nUnexpected identifier\n    at Function (native)\n    at assertExpression (/home/doriel/Desktop/looplab/looplab-site/node_modules/jade/lib/lexer.js:30:3)\n    at Object.Lexer.code (/home/doriel/Desktop/looplab/looplab-site/node_modules/jade/lib/lexer.js:584:23)\n    at Object.Lexer.next (/home/doriel/Desktop/looplab/looplab-site/node_modules/jade/lib/lexer.js:936:15)\n    at Object.Lexer.lookahead (/home/doriel/Desktop/looplab/looplab-site/node_modules/jade/lib/lexer.js:113:46)\n    at Parser.lookahead (/home/doriel/Desktop/looplab/looplab-site/node_modules/jade/lib/parser.js:102:23)\n    at Parser.peek (/home/doriel/Desktop/looplab/looplab-site/node_modules/jade/lib/parser.js:79:17)\n    at Parser.tag (/home/doriel/Desktop/looplab/looplab-site/node_modules/jade/lib/parser.js:773:22)\n    at Parser.parseTag (/home/doriel/Desktop/looplab/looplab-site/node_modules/jade/lib/parser.js:759:17)\n    at Parser.parseExpr (/home/doriel/Desktop/looplab/looplab-site/node_modules/jade/lib/parser.js:211:21)\n    at Parser.block (/home/doriel/Desktop/looplab/looplab-site/node_modules/jade/lib/parser.js:729:25)\n    at Parser.tag (/home/doriel/Desktop/looplab/looplab-site/node_modules/jade/lib/parser.js:838:24)\n    at Parser.parseTag (/home/doriel/Desktop/looplab/looplab-site/node_modules/jade/lib/parser.js:759:17)\n    at Parser.parseExpr (/home/doriel/Desktop/looplab/looplab-site/node_modules/jade/lib/parser.js:211:21)\n    at Parser.block (/home/doriel/Desktop/looplab/looplab-site/node_modules/jade/lib/parser.js:729:25)\n    at Parser.tag (/home/doriel/Desktop/looplab/looplab-site/node_modules/jade/lib/parser.js:838:24)\n    at Parser.parseTag (/home/doriel/Desktop/looplab/looplab-site/node_modules/jade/lib/parser.js:759:17)\n    at Parser.parseExpr (/home/doriel/Desktop/looplab/looplab-site/node_modules/jade/lib/parser.js:211:21)\n    at Parser.parseExpr (/home/doriel/Desktop/looplab/looplab-site/node_modules/jade/lib/parser.js:252:21)\n    at Parser.block (/home/doriel/Desktop/looplab/looplab-site/node_modules/jade/lib/parser.js:729:25)\n    at Parser.tag (/home/doriel/Desktop/looplab/looplab-site/node_modules/jade/lib/parser.js:838:24)\n    at Parser.parseTag (/home/doriel/Desktop/looplab/looplab-site/node_modules/jade/lib/parser.js:759:17)"},"msg":"Process failed: \u001b[35mlayout/category.jade\u001b[39m","time":"2016-10-15T19:39:35.723Z","v":0}
{"name":"hexo","hostname":"looplab","pid":20202,"level":50,"err":{"message":"/home/doriel/Desktop/looplab/looplab-site/themes/looplab/layout/includes/layout.jade:37\n    35|         span using\n    36|         a(href='http://hexo.io')\n  > 37|           span= ' ' + hexo blog framework ALgo + ' '\n    38|         span .\n    39|         br\n    40|         a(href=config.root) Inicio\n\nUnexpected identifier","name":"SyntaxError","stack":"SyntaxError: /home/doriel/Desktop/looplab/looplab-site/themes/looplab/layout/includes/layout.jade:37\n    35|         span using\n    36|         a(href='http://hexo.io')\n  > 37|           span= ' ' + hexo blog framework ALgo + ' '\n    38|         span .\n    39|         br\n    40|         a(href=config.root) Inicio\n\nUnexpected identifier\n    at Function (native)\n    at assertExpression (/home/doriel/Desktop/looplab/looplab-site/node_modules/jade/lib/lexer.js:30:3)\n    at Object.Lexer.code (/home/doriel/Desktop/looplab/looplab-site/node_modules/jade/lib/lexer.js:584:23)\n    at Object.Lexer.next (/home/doriel/Desktop/looplab/looplab-site/node_modules/jade/lib/lexer.js:936:15)\n    at Object.Lexer.lookahead (/home/doriel/Desktop/looplab/looplab-site/node_modules/jade/lib/lexer.js:113:46)\n    at Parser.lookahead (/home/doriel/Desktop/looplab/looplab-site/node_modules/jade/lib/parser.js:102:23)\n    at Parser.peek (/home/doriel/Desktop/looplab/looplab-site/node_modules/jade/lib/parser.js:79:17)\n    at Parser.tag (/home/doriel/Desktop/looplab/looplab-site/node_modules/jade/lib/parser.js:773:22)\n    at Parser.parseTag (/home/doriel/Desktop/looplab/looplab-site/node_modules/jade/lib/parser.js:759:17)\n    at Parser.parseExpr (/home/doriel/Desktop/looplab/looplab-site/node_modules/jade/lib/parser.js:211:21)\n    at Parser.block (/home/doriel/Desktop/looplab/looplab-site/node_modules/jade/lib/parser.js:729:25)\n    at Parser.tag (/home/doriel/Desktop/looplab/looplab-site/node_modules/jade/lib/parser.js:838:24)\n    at Parser.parseTag (/home/doriel/Desktop/looplab/looplab-site/node_modules/jade/lib/parser.js:759:17)\n    at Parser.parseExpr (/home/doriel/Desktop/looplab/looplab-site/node_modules/jade/lib/parser.js:211:21)\n    at Parser.block (/home/doriel/Desktop/looplab/looplab-site/node_modules/jade/lib/parser.js:729:25)\n    at Parser.tag (/home/doriel/Desktop/looplab/looplab-site/node_modules/jade/lib/parser.js:838:24)\n    at Parser.parseTag (/home/doriel/Desktop/looplab/looplab-site/node_modules/jade/lib/parser.js:759:17)\n    at Parser.parseExpr (/home/doriel/Desktop/looplab/looplab-site/node_modules/jade/lib/parser.js:211:21)\n    at Parser.parseExpr (/home/doriel/Desktop/looplab/looplab-site/node_modules/jade/lib/parser.js:252:21)\n    at Parser.block (/home/doriel/Desktop/looplab/looplab-site/node_modules/jade/lib/parser.js:729:25)\n    at Parser.tag (/home/doriel/Desktop/looplab/looplab-site/node_modules/jade/lib/parser.js:838:24)\n    at Parser.parseTag (/home/doriel/Desktop/looplab/looplab-site/node_modules/jade/lib/parser.js:759:17)"},"msg":"Process failed: \u001b[35mlayout/index.jade\u001b[39m","time":"2016-10-15T19:39:35.724Z","v":0}
{"name":"hexo","hostname":"looplab","pid":20202,"level":50,"err":{"message":"/home/doriel/Desktop/looplab/looplab-site/themes/looplab/layout/includes/layout.jade:37\n    35|         span using\n    36|         a(href='http://hexo.io')\n  > 37|           span= ' ' + hexo blog framework ALgo + ' '\n    38|         span .\n    39|         br\n    40|         a(href=config.root) Inicio\n\nUnexpected identifier","name":"SyntaxError","stack":"SyntaxError: /home/doriel/Desktop/looplab/looplab-site/themes/looplab/layout/includes/layout.jade:37\n    35|         span using\n    36|         a(href='http://hexo.io')\n  > 37|           span= ' ' + hexo blog framework ALgo + ' '\n    38|         span .\n    39|         br\n    40|         a(href=config.root) Inicio\n\nUnexpected identifier\n    at Function (native)\n    at assertExpression (/home/doriel/Desktop/looplab/looplab-site/node_modules/jade/lib/lexer.js:30:3)\n    at Object.Lexer.code (/home/doriel/Desktop/looplab/looplab-site/node_modules/jade/lib/lexer.js:584:23)\n    at Object.Lexer.next (/home/doriel/Desktop/looplab/looplab-site/node_modules/jade/lib/lexer.js:936:15)\n    at Object.Lexer.lookahead (/home/doriel/Desktop/looplab/looplab-site/node_modules/jade/lib/lexer.js:113:46)\n    at Parser.lookahead (/home/doriel/Desktop/looplab/looplab-site/node_modules/jade/lib/parser.js:102:23)\n    at Parser.peek (/home/doriel/Desktop/looplab/looplab-site/node_modules/jade/lib/parser.js:79:17)\n    at Parser.tag (/home/doriel/Desktop/looplab/looplab-site/node_modules/jade/lib/parser.js:773:22)\n    at Parser.parseTag (/home/doriel/Desktop/looplab/looplab-site/node_modules/jade/lib/parser.js:759:17)\n    at Parser.parseExpr (/home/doriel/Desktop/looplab/looplab-site/node_modules/jade/lib/parser.js:211:21)\n    at Parser.block (/home/doriel/Desktop/looplab/looplab-site/node_modules/jade/lib/parser.js:729:25)\n    at Parser.tag (/home/doriel/Desktop/looplab/looplab-site/node_modules/jade/lib/parser.js:838:24)\n    at Parser.parseTag (/home/doriel/Desktop/looplab/looplab-site/node_modules/jade/lib/parser.js:759:17)\n    at Parser.parseExpr (/home/doriel/Desktop/looplab/looplab-site/node_modules/jade/lib/parser.js:211:21)\n    at Parser.block (/home/doriel/Desktop/looplab/looplab-site/node_modules/jade/lib/parser.js:729:25)\n    at Parser.tag (/home/doriel/Desktop/looplab/looplab-site/node_modules/jade/lib/parser.js:838:24)\n    at Parser.parseTag (/home/doriel/Desktop/looplab/looplab-site/node_modules/jade/lib/parser.js:759:17)\n    at Parser.parseExpr (/home/doriel/Desktop/looplab/looplab-site/node_modules/jade/lib/parser.js:211:21)\n    at Parser.parseExpr (/home/doriel/Desktop/looplab/looplab-site/node_modules/jade/lib/parser.js:252:21)\n    at Parser.block (/home/doriel/Desktop/looplab/looplab-site/node_modules/jade/lib/parser.js:729:25)\n    at Parser.tag (/home/doriel/Desktop/looplab/looplab-site/node_modules/jade/lib/parser.js:838:24)\n    at Parser.parseTag (/home/doriel/Desktop/looplab/looplab-site/node_modules/jade/lib/parser.js:759:17)"},"msg":"Process failed: \u001b[35mlayout/page.jade\u001b[39m","time":"2016-10-15T19:39:35.726Z","v":0}
{"name":"hexo","hostname":"looplab","pid":20202,"level":50,"err":{"message":"/home/doriel/Desktop/looplab/looplab-site/themes/looplab/layout/includes/layout.jade:37\n    35|         span using\n    36|         a(href='http://hexo.io')\n  > 37|           span= ' ' + hexo blog framework ALgo + ' '\n    38|         span .\n    39|         br\n    40|         a(href=config.root) Inicio\n\nUnexpected identifier","name":"SyntaxError","stack":"SyntaxError: /home/doriel/Desktop/looplab/looplab-site/themes/looplab/layout/includes/layout.jade:37\n    35|         span using\n    36|         a(href='http://hexo.io')\n  > 37|           span= ' ' + hexo blog framework ALgo + ' '\n    38|         span .\n    39|         br\n    40|         a(href=config.root) Inicio\n\nUnexpected identifier\n    at Function (native)\n    at assertExpression (/home/doriel/Desktop/looplab/looplab-site/node_modules/jade/lib/lexer.js:30:3)\n    at Object.Lexer.code (/home/doriel/Desktop/looplab/looplab-site/node_modules/jade/lib/lexer.js:584:23)\n    at Object.Lexer.next (/home/doriel/Desktop/looplab/looplab-site/node_modules/jade/lib/lexer.js:936:15)\n    at Object.Lexer.lookahead (/home/doriel/Desktop/looplab/looplab-site/node_modules/jade/lib/lexer.js:113:46)\n    at Parser.lookahead (/home/doriel/Desktop/looplab/looplab-site/node_modules/jade/lib/parser.js:102:23)\n    at Parser.peek (/home/doriel/Desktop/looplab/looplab-site/node_modules/jade/lib/parser.js:79:17)\n    at Parser.tag (/home/doriel/Desktop/looplab/looplab-site/node_modules/jade/lib/parser.js:773:22)\n    at Parser.parseTag (/home/doriel/Desktop/looplab/looplab-site/node_modules/jade/lib/parser.js:759:17)\n    at Parser.parseExpr (/home/doriel/Desktop/looplab/looplab-site/node_modules/jade/lib/parser.js:211:21)\n    at Parser.block (/home/doriel/Desktop/looplab/looplab-site/node_modules/jade/lib/parser.js:729:25)\n    at Parser.tag (/home/doriel/Desktop/looplab/looplab-site/node_modules/jade/lib/parser.js:838:24)\n    at Parser.parseTag (/home/doriel/Desktop/looplab/looplab-site/node_modules/jade/lib/parser.js:759:17)\n    at Parser.parseExpr (/home/doriel/Desktop/looplab/looplab-site/node_modules/jade/lib/parser.js:211:21)\n    at Parser.block (/home/doriel/Desktop/looplab/looplab-site/node_modules/jade/lib/parser.js:729:25)\n    at Parser.tag (/home/doriel/Desktop/looplab/looplab-site/node_modules/jade/lib/parser.js:838:24)\n    at Parser.parseTag (/home/doriel/Desktop/looplab/looplab-site/node_modules/jade/lib/parser.js:759:17)\n    at Parser.parseExpr (/home/doriel/Desktop/looplab/looplab-site/node_modules/jade/lib/parser.js:211:21)\n    at Parser.parseExpr (/home/doriel/Desktop/looplab/looplab-site/node_modules/jade/lib/parser.js:252:21)\n    at Parser.block (/home/doriel/Desktop/looplab/looplab-site/node_modules/jade/lib/parser.js:729:25)\n    at Parser.tag (/home/doriel/Desktop/looplab/looplab-site/node_modules/jade/lib/parser.js:838:24)\n    at Parser.parseTag (/home/doriel/Desktop/looplab/looplab-site/node_modules/jade/lib/parser.js:759:17)"},"msg":"Process failed: \u001b[35mlayout/post.jade\u001b[39m","time":"2016-10-15T19:39:35.729Z","v":0}
{"name":"hexo","hostname":"looplab","pid":20202,"level":50,"err":{"message":"/home/doriel/Desktop/looplab/looplab-site/themes/looplab/layout/includes/layout.jade:37\n    35|         span using\n    36|         a(href='http://hexo.io')\n  > 37|           span= ' ' + hexo blog framework ALgo + ' '\n    38|         span .\n    39|         br\n    40|         a(href=config.root) Inicio\n\nUnexpected identifier","name":"SyntaxError","stack":"SyntaxError: /home/doriel/Desktop/looplab/looplab-site/themes/looplab/layout/includes/layout.jade:37\n    35|         span using\n    36|         a(href='http://hexo.io')\n  > 37|           span= ' ' + hexo blog framework ALgo + ' '\n    38|         span .\n    39|         br\n    40|         a(href=config.root) Inicio\n\nUnexpected identifier\n    at Function (native)\n    at assertExpression (/home/doriel/Desktop/looplab/looplab-site/node_modules/jade/lib/lexer.js:30:3)\n    at Object.Lexer.code (/home/doriel/Desktop/looplab/looplab-site/node_modules/jade/lib/lexer.js:584:23)\n    at Object.Lexer.next (/home/doriel/Desktop/looplab/looplab-site/node_modules/jade/lib/lexer.js:936:15)\n    at Object.Lexer.lookahead (/home/doriel/Desktop/looplab/looplab-site/node_modules/jade/lib/lexer.js:113:46)\n    at Parser.lookahead (/home/doriel/Desktop/looplab/looplab-site/node_modules/jade/lib/parser.js:102:23)\n    at Parser.peek (/home/doriel/Desktop/looplab/looplab-site/node_modules/jade/lib/parser.js:79:17)\n    at Parser.tag (/home/doriel/Desktop/looplab/looplab-site/node_modules/jade/lib/parser.js:773:22)\n    at Parser.parseTag (/home/doriel/Desktop/looplab/looplab-site/node_modules/jade/lib/parser.js:759:17)\n    at Parser.parseExpr (/home/doriel/Desktop/looplab/looplab-site/node_modules/jade/lib/parser.js:211:21)\n    at Parser.block (/home/doriel/Desktop/looplab/looplab-site/node_modules/jade/lib/parser.js:729:25)\n    at Parser.tag (/home/doriel/Desktop/looplab/looplab-site/node_modules/jade/lib/parser.js:838:24)\n    at Parser.parseTag (/home/doriel/Desktop/looplab/looplab-site/node_modules/jade/lib/parser.js:759:17)\n    at Parser.parseExpr (/home/doriel/Desktop/looplab/looplab-site/node_modules/jade/lib/parser.js:211:21)\n    at Parser.block (/home/doriel/Desktop/looplab/looplab-site/node_modules/jade/lib/parser.js:729:25)\n    at Parser.tag (/home/doriel/Desktop/looplab/looplab-site/node_modules/jade/lib/parser.js:838:24)\n    at Parser.parseTag (/home/doriel/Desktop/looplab/looplab-site/node_modules/jade/lib/parser.js:759:17)\n    at Parser.parseExpr (/home/doriel/Desktop/looplab/looplab-site/node_modules/jade/lib/parser.js:211:21)\n    at Parser.parseExpr (/home/doriel/Desktop/looplab/looplab-site/node_modules/jade/lib/parser.js:252:21)\n    at Parser.block (/home/doriel/Desktop/looplab/looplab-site/node_modules/jade/lib/parser.js:729:25)\n    at Parser.tag (/home/doriel/Desktop/looplab/looplab-site/node_modules/jade/lib/parser.js:838:24)\n    at Parser.parseTag (/home/doriel/Desktop/looplab/looplab-site/node_modules/jade/lib/parser.js:759:17)"},"msg":"Process failed: \u001b[35mlayout/tag.jade\u001b[39m","time":"2016-10-15T19:39:35.731Z","v":0}
{"name":"hexo","hostname":"looplab","pid":20202,"level":20,"msg":"Processed: \u001b[35mlayout/includes/pagination.jade\u001b[39m","time":"2016-10-15T19:39:36.044Z","v":0}
{"name":"hexo","hostname":"looplab","pid":20202,"level":20,"msg":"Processed: \u001b[35mlayout/includes/recent-posts.jade\u001b[39m","time":"2016-10-15T19:39:36.046Z","v":0}
{"name":"hexo","hostname":"looplab","pid":20202,"level":50,"err":{"message":"/home/doriel/Desktop/looplab/looplab-site/themes/looplab/layout/includes/layout.jade:37\n    35|         span using\n    36|         a(href='http://hexo.io')\n  > 37|           span= ' ' + hexo blog framework ALgo + ' '\n    38|         span .\n    39|         br\n    40|         a(href=config.root) Inicio\n\nUnexpected identifier","name":"SyntaxError","stack":"SyntaxError: /home/doriel/Desktop/looplab/looplab-site/themes/looplab/layout/includes/layout.jade:37\n    35|         span using\n    36|         a(href='http://hexo.io')\n  > 37|           span= ' ' + hexo blog framework ALgo + ' '\n    38|         span .\n    39|         br\n    40|         a(href=config.root) Inicio\n\nUnexpected identifier\n    at Function (native)\n    at assertExpression (/home/doriel/Desktop/looplab/looplab-site/node_modules/jade/lib/lexer.js:30:3)\n    at Object.Lexer.code (/home/doriel/Desktop/looplab/looplab-site/node_modules/jade/lib/lexer.js:584:23)\n    at Object.Lexer.next (/home/doriel/Desktop/looplab/looplab-site/node_modules/jade/lib/lexer.js:936:15)\n    at Object.Lexer.lookahead (/home/doriel/Desktop/looplab/looplab-site/node_modules/jade/lib/lexer.js:113:46)\n    at Parser.lookahead (/home/doriel/Desktop/looplab/looplab-site/node_modules/jade/lib/parser.js:102:23)\n    at Parser.peek (/home/doriel/Desktop/looplab/looplab-site/node_modules/jade/lib/parser.js:79:17)\n    at Parser.tag (/home/doriel/Desktop/looplab/looplab-site/node_modules/jade/lib/parser.js:773:22)\n    at Parser.parseTag (/home/doriel/Desktop/looplab/looplab-site/node_modules/jade/lib/parser.js:759:17)\n    at Parser.parseExpr (/home/doriel/Desktop/looplab/looplab-site/node_modules/jade/lib/parser.js:211:21)\n    at Parser.block (/home/doriel/Desktop/looplab/looplab-site/node_modules/jade/lib/parser.js:729:25)\n    at Parser.tag (/home/doriel/Desktop/looplab/looplab-site/node_modules/jade/lib/parser.js:838:24)\n    at Parser.parseTag (/home/doriel/Desktop/looplab/looplab-site/node_modules/jade/lib/parser.js:759:17)\n    at Parser.parseExpr (/home/doriel/Desktop/looplab/looplab-site/node_modules/jade/lib/parser.js:211:21)\n    at Parser.block (/home/doriel/Desktop/looplab/looplab-site/node_modules/jade/lib/parser.js:729:25)\n    at Parser.tag (/home/doriel/Desktop/looplab/looplab-site/node_modules/jade/lib/parser.js:838:24)\n    at Parser.parseTag (/home/doriel/Desktop/looplab/looplab-site/node_modules/jade/lib/parser.js:759:17)\n    at Parser.parseExpr (/home/doriel/Desktop/looplab/looplab-site/node_modules/jade/lib/parser.js:211:21)\n    at Parser.parseExpr (/home/doriel/Desktop/looplab/looplab-site/node_modules/jade/lib/parser.js:252:21)\n    at Parser.block (/home/doriel/Desktop/looplab/looplab-site/node_modules/jade/lib/parser.js:729:25)\n    at Parser.tag (/home/doriel/Desktop/looplab/looplab-site/node_modules/jade/lib/parser.js:838:24)\n    at Parser.parseTag (/home/doriel/Desktop/looplab/looplab-site/node_modules/jade/lib/parser.js:759:17)"},"msg":"Process failed: \u001b[35mlayout/includes/layout.jade\u001b[39m","time":"2016-10-15T19:39:36.049Z","v":0}
{"name":"hexo","hostname":"looplab","pid":20202,"level":20,"msg":"Generator: \u001b[35mpage\u001b[39m","time":"2016-10-15T19:39:36.171Z","v":0}
{"name":"hexo","hostname":"looplab","pid":20202,"level":20,"msg":"Generator: \u001b[35mpost\u001b[39m","time":"2016-10-15T19:39:36.172Z","v":0}
{"name":"hexo","hostname":"looplab","pid":20202,"level":20,"msg":"Generator: \u001b[35marchive\u001b[39m","time":"2016-10-15T19:39:36.172Z","v":0}
{"name":"hexo","hostname":"looplab","pid":20202,"level":20,"msg":"Generator: \u001b[35mcategory\u001b[39m","time":"2016-10-15T19:39:36.172Z","v":0}
{"name":"hexo","hostname":"looplab","pid":20202,"level":20,"msg":"Generator: \u001b[35mindex\u001b[39m","time":"2016-10-15T19:39:36.173Z","v":0}
{"name":"hexo","hostname":"looplab","pid":20202,"level":20,"msg":"Generator: \u001b[35mtag\u001b[39m","time":"2016-10-15T19:39:36.173Z","v":0}
{"name":"hexo","hostname":"looplab","pid":20202,"level":20,"msg":"Generator: \u001b[35masset\u001b[39m","time":"2016-10-15T19:39:36.175Z","v":0}
{"name":"hexo","hostname":"looplab","pid":20202,"level":30,"msg":"Hexo is running at \u001b[4mhttp://localhost:4000/\u001b[24m. Press Ctrl+C to stop.","time":"2016-10-15T19:39:36.196Z","v":0}
{"name":"hexo","hostname":"looplab","pid":20202,"level":20,"msg":"Database saved","time":"2016-10-15T19:39:36.247Z","v":0}
{"name":"hexo","hostname":"looplab","pid":20202,"level":40,"msg":"No layout: \u001b[35mindex.html\u001b[39m","time":"2016-10-15T19:39:40.699Z","v":0}
{"name":"hexo","hostname":"looplab","pid":20202,"level":40,"msg":"No layout: \u001b[35mindex.html\u001b[39m","time":"2016-10-15T19:39:44.561Z","v":0}
{"name":"hexo","hostname":"looplab","pid":20202,"level":40,"msg":"No layout: \u001b[35mindex.html\u001b[39m","time":"2016-10-15T19:39:45.962Z","v":0}
{"name":"hexo","hostname":"looplab","pid":20202,"level":40,"msg":"No layout: \u001b[35mindex.html\u001b[39m","time":"2016-10-15T19:39:59.207Z","v":0}
{"name":"hexo","hostname":"looplab","pid":20202,"level":40,"msg":"No layout: \u001b[35mindex.html\u001b[39m","time":"2016-10-15T19:40:00.361Z","v":0}
{"name":"hexo","hostname":"looplab","pid":20202,"level":30,"msg":"Farewell","time":"2016-10-15T19:40:11.646Z","v":0}
{"name":"hexo","hostname":"looplab","pid":20202,"level":20,"msg":"Database saved","time":"2016-10-15T19:40:11.676Z","v":0}
{"name":"hexo","hostname":"looplab","pid":20308,"level":20,"msg":"Hexo version: \u001b[35m3.2.2\u001b[39m","time":"2016-10-15T19:41:14.385Z","v":0}
{"name":"hexo","hostname":"looplab","pid":20308,"level":20,"msg":"Working directory: \u001b[35m~/Desktop/looplab/looplab-site/\u001b[39m","time":"2016-10-15T19:41:14.395Z","v":0}
{"name":"hexo","hostname":"looplab","pid":20308,"level":20,"msg":"Config loaded: \u001b[35m~/Desktop/looplab/looplab-site/_config.yml\u001b[39m","time":"2016-10-15T19:41:14.724Z","v":0}
{"name":"hexo","hostname":"looplab","pid":20308,"level":20,"msg":"Plugin loaded: \u001b[35mhexo-deployer-git\u001b[39m","time":"2016-10-15T19:41:14.776Z","v":0}
{"name":"hexo","hostname":"looplab","pid":20308,"level":20,"msg":"Plugin loaded: \u001b[35mhexo-generator-archive\u001b[39m","time":"2016-10-15T19:41:14.789Z","v":0}
{"name":"hexo","hostname":"looplab","pid":20308,"level":20,"msg":"Plugin loaded: \u001b[35mhexo-generator-category\u001b[39m","time":"2016-10-15T19:41:14.801Z","v":0}
{"name":"hexo","hostname":"looplab","pid":20308,"level":20,"msg":"Plugin loaded: \u001b[35mhexo-generator-index\u001b[39m","time":"2016-10-15T19:41:14.807Z","v":0}
{"name":"hexo","hostname":"looplab","pid":20308,"level":20,"msg":"Plugin loaded: \u001b[35mhexo-generator-tag\u001b[39m","time":"2016-10-15T19:41:14.810Z","v":0}
{"name":"hexo","hostname":"looplab","pid":20308,"level":20,"msg":"Plugin loaded: \u001b[35mhexo-renderer-jade\u001b[39m","time":"2016-10-15T19:41:15.527Z","v":0}
{"name":"hexo","hostname":"looplab","pid":20308,"level":20,"msg":"Plugin loaded: \u001b[35mhexo-renderer-ejs\u001b[39m","time":"2016-10-15T19:41:15.534Z","v":0}
{"name":"hexo","hostname":"looplab","pid":20308,"level":20,"msg":"Plugin loaded: \u001b[35mhexo-renderer-marked\u001b[39m","time":"2016-10-15T19:41:15.548Z","v":0}
{"name":"hexo","hostname":"looplab","pid":20308,"level":20,"msg":"Plugin loaded: \u001b[35mhexo-renderer-stylus\u001b[39m","time":"2016-10-15T19:41:15.553Z","v":0}
{"name":"hexo","hostname":"looplab","pid":20308,"level":20,"msg":"Plugin loaded: \u001b[35mhexo-server\u001b[39m","time":"2016-10-15T19:41:15.671Z","v":0}
{"name":"hexo","hostname":"looplab","pid":20308,"level":20,"msg":"Loading database.","time":"2016-10-15T19:41:15.696Z","v":0}
{"name":"hexo","hostname":"looplab","pid":20308,"level":30,"msg":"Start processing","time":"2016-10-15T19:41:15.800Z","v":0}
{"name":"hexo","hostname":"looplab","pid":20308,"level":20,"msg":"Processed: \u001b[35m_posts/hello-world.md\u001b[39m","time":"2016-10-15T19:41:15.940Z","v":0}
{"name":"hexo","hostname":"looplab","pid":20308,"level":20,"msg":"Processed: \u001b[35msource/favicon.ico\u001b[39m","time":"2016-10-15T19:41:16.008Z","v":0}
{"name":"hexo","hostname":"looplab","pid":20308,"level":20,"msg":"Processed: \u001b[35msource/css/looplab.styl\u001b[39m","time":"2016-10-15T19:41:16.018Z","v":0}
{"name":"hexo","hostname":"looplab","pid":20308,"level":20,"msg":"Processed: \u001b[35msource/js/looplab.js\u001b[39m","time":"2016-10-15T19:41:16.020Z","v":0}
{"name":"hexo","hostname":"looplab","pid":20308,"level":20,"msg":"Theme config loaded.","time":"2016-10-15T19:41:16.026Z","v":0}
{"name":"hexo","hostname":"looplab","pid":20308,"level":20,"msg":"Processed: \u001b[35m_config.yml\u001b[39m","time":"2016-10-15T19:41:16.027Z","v":0}
{"name":"hexo","hostname":"looplab","pid":20308,"level":50,"err":{"message":"/home/doriel/Desktop/looplab/looplab-site/themes/looplab/layout/includes/layout.jade:37\n    35|         span using\n    36|         a(href='http://hexo.io')\n  > 37|           span= ' ' + hexo blog framework ALgo + ' '\n    38|         span .\n    39|         br\n    40|         a(href=config.root) Inicio\n\nUnexpected identifier","name":"SyntaxError","stack":"SyntaxError: /home/doriel/Desktop/looplab/looplab-site/themes/looplab/layout/includes/layout.jade:37\n    35|         span using\n    36|         a(href='http://hexo.io')\n  > 37|           span= ' ' + hexo blog framework ALgo + ' '\n    38|         span .\n    39|         br\n    40|         a(href=config.root) Inicio\n\nUnexpected identifier\n    at Function (native)\n    at assertExpression (/home/doriel/Desktop/looplab/looplab-site/node_modules/jade/lib/lexer.js:30:3)\n    at Object.Lexer.code (/home/doriel/Desktop/looplab/looplab-site/node_modules/jade/lib/lexer.js:584:23)\n    at Object.Lexer.next (/home/doriel/Desktop/looplab/looplab-site/node_modules/jade/lib/lexer.js:936:15)\n    at Object.Lexer.lookahead (/home/doriel/Desktop/looplab/looplab-site/node_modules/jade/lib/lexer.js:113:46)\n    at Parser.lookahead (/home/doriel/Desktop/looplab/looplab-site/node_modules/jade/lib/parser.js:102:23)\n    at Parser.peek (/home/doriel/Desktop/looplab/looplab-site/node_modules/jade/lib/parser.js:79:17)\n    at Parser.tag (/home/doriel/Desktop/looplab/looplab-site/node_modules/jade/lib/parser.js:773:22)\n    at Parser.parseTag (/home/doriel/Desktop/looplab/looplab-site/node_modules/jade/lib/parser.js:759:17)\n    at Parser.parseExpr (/home/doriel/Desktop/looplab/looplab-site/node_modules/jade/lib/parser.js:211:21)\n    at Parser.block (/home/doriel/Desktop/looplab/looplab-site/node_modules/jade/lib/parser.js:729:25)\n    at Parser.tag (/home/doriel/Desktop/looplab/looplab-site/node_modules/jade/lib/parser.js:838:24)\n    at Parser.parseTag (/home/doriel/Desktop/looplab/looplab-site/node_modules/jade/lib/parser.js:759:17)\n    at Parser.parseExpr (/home/doriel/Desktop/looplab/looplab-site/node_modules/jade/lib/parser.js:211:21)\n    at Parser.block (/home/doriel/Desktop/looplab/looplab-site/node_modules/jade/lib/parser.js:729:25)\n    at Parser.tag (/home/doriel/Desktop/looplab/looplab-site/node_modules/jade/lib/parser.js:838:24)\n    at Parser.parseTag (/home/doriel/Desktop/looplab/looplab-site/node_modules/jade/lib/parser.js:759:17)\n    at Parser.parseExpr (/home/doriel/Desktop/looplab/looplab-site/node_modules/jade/lib/parser.js:211:21)\n    at Parser.parseExpr (/home/doriel/Desktop/looplab/looplab-site/node_modules/jade/lib/parser.js:252:21)\n    at Parser.block (/home/doriel/Desktop/looplab/looplab-site/node_modules/jade/lib/parser.js:729:25)\n    at Parser.tag (/home/doriel/Desktop/looplab/looplab-site/node_modules/jade/lib/parser.js:838:24)\n    at Parser.parseTag (/home/doriel/Desktop/looplab/looplab-site/node_modules/jade/lib/parser.js:759:17)"},"msg":"Process failed: \u001b[35mlayout/archive.jade\u001b[39m","time":"2016-10-15T19:41:16.222Z","v":0}
{"name":"hexo","hostname":"looplab","pid":20308,"level":50,"err":{"message":"/home/doriel/Desktop/looplab/looplab-site/themes/looplab/layout/includes/layout.jade:37\n    35|         span using\n    36|         a(href='http://hexo.io')\n  > 37|           span= ' ' + hexo blog framework ALgo + ' '\n    38|         span .\n    39|         br\n    40|         a(href=config.root) Inicio\n\nUnexpected identifier","name":"SyntaxError","stack":"SyntaxError: /home/doriel/Desktop/looplab/looplab-site/themes/looplab/layout/includes/layout.jade:37\n    35|         span using\n    36|         a(href='http://hexo.io')\n  > 37|           span= ' ' + hexo blog framework ALgo + ' '\n    38|         span .\n    39|         br\n    40|         a(href=config.root) Inicio\n\nUnexpected identifier\n    at Function (native)\n    at assertExpression (/home/doriel/Desktop/looplab/looplab-site/node_modules/jade/lib/lexer.js:30:3)\n    at Object.Lexer.code (/home/doriel/Desktop/looplab/looplab-site/node_modules/jade/lib/lexer.js:584:23)\n    at Object.Lexer.next (/home/doriel/Desktop/looplab/looplab-site/node_modules/jade/lib/lexer.js:936:15)\n    at Object.Lexer.lookahead (/home/doriel/Desktop/looplab/looplab-site/node_modules/jade/lib/lexer.js:113:46)\n    at Parser.lookahead (/home/doriel/Desktop/looplab/looplab-site/node_modules/jade/lib/parser.js:102:23)\n    at Parser.peek (/home/doriel/Desktop/looplab/looplab-site/node_modules/jade/lib/parser.js:79:17)\n    at Parser.tag (/home/doriel/Desktop/looplab/looplab-site/node_modules/jade/lib/parser.js:773:22)\n    at Parser.parseTag (/home/doriel/Desktop/looplab/looplab-site/node_modules/jade/lib/parser.js:759:17)\n    at Parser.parseExpr (/home/doriel/Desktop/looplab/looplab-site/node_modules/jade/lib/parser.js:211:21)\n    at Parser.block (/home/doriel/Desktop/looplab/looplab-site/node_modules/jade/lib/parser.js:729:25)\n    at Parser.tag (/home/doriel/Desktop/looplab/looplab-site/node_modules/jade/lib/parser.js:838:24)\n    at Parser.parseTag (/home/doriel/Desktop/looplab/looplab-site/node_modules/jade/lib/parser.js:759:17)\n    at Parser.parseExpr (/home/doriel/Desktop/looplab/looplab-site/node_modules/jade/lib/parser.js:211:21)\n    at Parser.block (/home/doriel/Desktop/looplab/looplab-site/node_modules/jade/lib/parser.js:729:25)\n    at Parser.tag (/home/doriel/Desktop/looplab/looplab-site/node_modules/jade/lib/parser.js:838:24)\n    at Parser.parseTag (/home/doriel/Desktop/looplab/looplab-site/node_modules/jade/lib/parser.js:759:17)\n    at Parser.parseExpr (/home/doriel/Desktop/looplab/looplab-site/node_modules/jade/lib/parser.js:211:21)\n    at Parser.parseExpr (/home/doriel/Desktop/looplab/looplab-site/node_modules/jade/lib/parser.js:252:21)\n    at Parser.block (/home/doriel/Desktop/looplab/looplab-site/node_modules/jade/lib/parser.js:729:25)\n    at Parser.tag (/home/doriel/Desktop/looplab/looplab-site/node_modules/jade/lib/parser.js:838:24)\n    at Parser.parseTag (/home/doriel/Desktop/looplab/looplab-site/node_modules/jade/lib/parser.js:759:17)"},"msg":"Process failed: \u001b[35mlayout/category.jade\u001b[39m","time":"2016-10-15T19:41:16.227Z","v":0}
{"name":"hexo","hostname":"looplab","pid":20308,"level":50,"err":{"message":"/home/doriel/Desktop/looplab/looplab-site/themes/looplab/layout/includes/layout.jade:37\n    35|         span using\n    36|         a(href='http://hexo.io')\n  > 37|           span= ' ' + hexo blog framework ALgo + ' '\n    38|         span .\n    39|         br\n    40|         a(href=config.root) Inicio\n\nUnexpected identifier","name":"SyntaxError","stack":"SyntaxError: /home/doriel/Desktop/looplab/looplab-site/themes/looplab/layout/includes/layout.jade:37\n    35|         span using\n    36|         a(href='http://hexo.io')\n  > 37|           span= ' ' + hexo blog framework ALgo + ' '\n    38|         span .\n    39|         br\n    40|         a(href=config.root) Inicio\n\nUnexpected identifier\n    at Function (native)\n    at assertExpression (/home/doriel/Desktop/looplab/looplab-site/node_modules/jade/lib/lexer.js:30:3)\n    at Object.Lexer.code (/home/doriel/Desktop/looplab/looplab-site/node_modules/jade/lib/lexer.js:584:23)\n    at Object.Lexer.next (/home/doriel/Desktop/looplab/looplab-site/node_modules/jade/lib/lexer.js:936:15)\n    at Object.Lexer.lookahead (/home/doriel/Desktop/looplab/looplab-site/node_modules/jade/lib/lexer.js:113:46)\n    at Parser.lookahead (/home/doriel/Desktop/looplab/looplab-site/node_modules/jade/lib/parser.js:102:23)\n    at Parser.peek (/home/doriel/Desktop/looplab/looplab-site/node_modules/jade/lib/parser.js:79:17)\n    at Parser.tag (/home/doriel/Desktop/looplab/looplab-site/node_modules/jade/lib/parser.js:773:22)\n    at Parser.parseTag (/home/doriel/Desktop/looplab/looplab-site/node_modules/jade/lib/parser.js:759:17)\n    at Parser.parseExpr (/home/doriel/Desktop/looplab/looplab-site/node_modules/jade/lib/parser.js:211:21)\n    at Parser.block (/home/doriel/Desktop/looplab/looplab-site/node_modules/jade/lib/parser.js:729:25)\n    at Parser.tag (/home/doriel/Desktop/looplab/looplab-site/node_modules/jade/lib/parser.js:838:24)\n    at Parser.parseTag (/home/doriel/Desktop/looplab/looplab-site/node_modules/jade/lib/parser.js:759:17)\n    at Parser.parseExpr (/home/doriel/Desktop/looplab/looplab-site/node_modules/jade/lib/parser.js:211:21)\n    at Parser.block (/home/doriel/Desktop/looplab/looplab-site/node_modules/jade/lib/parser.js:729:25)\n    at Parser.tag (/home/doriel/Desktop/looplab/looplab-site/node_modules/jade/lib/parser.js:838:24)\n    at Parser.parseTag (/home/doriel/Desktop/looplab/looplab-site/node_modules/jade/lib/parser.js:759:17)\n    at Parser.parseExpr (/home/doriel/Desktop/looplab/looplab-site/node_modules/jade/lib/parser.js:211:21)\n    at Parser.parseExpr (/home/doriel/Desktop/looplab/looplab-site/node_modules/jade/lib/parser.js:252:21)\n    at Parser.block (/home/doriel/Desktop/looplab/looplab-site/node_modules/jade/lib/parser.js:729:25)\n    at Parser.tag (/home/doriel/Desktop/looplab/looplab-site/node_modules/jade/lib/parser.js:838:24)\n    at Parser.parseTag (/home/doriel/Desktop/looplab/looplab-site/node_modules/jade/lib/parser.js:759:17)"},"msg":"Process failed: \u001b[35mlayout/index.jade\u001b[39m","time":"2016-10-15T19:41:16.231Z","v":0}
{"name":"hexo","hostname":"looplab","pid":20308,"level":50,"err":{"message":"/home/doriel/Desktop/looplab/looplab-site/themes/looplab/layout/includes/layout.jade:37\n    35|         span using\n    36|         a(href='http://hexo.io')\n  > 37|           span= ' ' + hexo blog framework ALgo + ' '\n    38|         span .\n    39|         br\n    40|         a(href=config.root) Inicio\n\nUnexpected identifier","name":"SyntaxError","stack":"SyntaxError: /home/doriel/Desktop/looplab/looplab-site/themes/looplab/layout/includes/layout.jade:37\n    35|         span using\n    36|         a(href='http://hexo.io')\n  > 37|           span= ' ' + hexo blog framework ALgo + ' '\n    38|         span .\n    39|         br\n    40|         a(href=config.root) Inicio\n\nUnexpected identifier\n    at Function (native)\n    at assertExpression (/home/doriel/Desktop/looplab/looplab-site/node_modules/jade/lib/lexer.js:30:3)\n    at Object.Lexer.code (/home/doriel/Desktop/looplab/looplab-site/node_modules/jade/lib/lexer.js:584:23)\n    at Object.Lexer.next (/home/doriel/Desktop/looplab/looplab-site/node_modules/jade/lib/lexer.js:936:15)\n    at Object.Lexer.lookahead (/home/doriel/Desktop/looplab/looplab-site/node_modules/jade/lib/lexer.js:113:46)\n    at Parser.lookahead (/home/doriel/Desktop/looplab/looplab-site/node_modules/jade/lib/parser.js:102:23)\n    at Parser.peek (/home/doriel/Desktop/looplab/looplab-site/node_modules/jade/lib/parser.js:79:17)\n    at Parser.tag (/home/doriel/Desktop/looplab/looplab-site/node_modules/jade/lib/parser.js:773:22)\n    at Parser.parseTag (/home/doriel/Desktop/looplab/looplab-site/node_modules/jade/lib/parser.js:759:17)\n    at Parser.parseExpr (/home/doriel/Desktop/looplab/looplab-site/node_modules/jade/lib/parser.js:211:21)\n    at Parser.block (/home/doriel/Desktop/looplab/looplab-site/node_modules/jade/lib/parser.js:729:25)\n    at Parser.tag (/home/doriel/Desktop/looplab/looplab-site/node_modules/jade/lib/parser.js:838:24)\n    at Parser.parseTag (/home/doriel/Desktop/looplab/looplab-site/node_modules/jade/lib/parser.js:759:17)\n    at Parser.parseExpr (/home/doriel/Desktop/looplab/looplab-site/node_modules/jade/lib/parser.js:211:21)\n    at Parser.block (/home/doriel/Desktop/looplab/looplab-site/node_modules/jade/lib/parser.js:729:25)\n    at Parser.tag (/home/doriel/Desktop/looplab/looplab-site/node_modules/jade/lib/parser.js:838:24)\n    at Parser.parseTag (/home/doriel/Desktop/looplab/looplab-site/node_modules/jade/lib/parser.js:759:17)\n    at Parser.parseExpr (/home/doriel/Desktop/looplab/looplab-site/node_modules/jade/lib/parser.js:211:21)\n    at Parser.parseExpr (/home/doriel/Desktop/looplab/looplab-site/node_modules/jade/lib/parser.js:252:21)\n    at Parser.block (/home/doriel/Desktop/looplab/looplab-site/node_modules/jade/lib/parser.js:729:25)\n    at Parser.tag (/home/doriel/Desktop/looplab/looplab-site/node_modules/jade/lib/parser.js:838:24)\n    at Parser.parseTag (/home/doriel/Desktop/looplab/looplab-site/node_modules/jade/lib/parser.js:759:17)"},"msg":"Process failed: \u001b[35mlayout/page.jade\u001b[39m","time":"2016-10-15T19:41:16.237Z","v":0}
{"name":"hexo","hostname":"looplab","pid":20308,"level":50,"err":{"message":"/home/doriel/Desktop/looplab/looplab-site/themes/looplab/layout/includes/layout.jade:37\n    35|         span using\n    36|         a(href='http://hexo.io')\n  > 37|           span= ' ' + hexo blog framework ALgo + ' '\n    38|         span .\n    39|         br\n    40|         a(href=config.root) Inicio\n\nUnexpected identifier","name":"SyntaxError","stack":"SyntaxError: /home/doriel/Desktop/looplab/looplab-site/themes/looplab/layout/includes/layout.jade:37\n    35|         span using\n    36|         a(href='http://hexo.io')\n  > 37|           span= ' ' + hexo blog framework ALgo + ' '\n    38|         span .\n    39|         br\n    40|         a(href=config.root) Inicio\n\nUnexpected identifier\n    at Function (native)\n    at assertExpression (/home/doriel/Desktop/looplab/looplab-site/node_modules/jade/lib/lexer.js:30:3)\n    at Object.Lexer.code (/home/doriel/Desktop/looplab/looplab-site/node_modules/jade/lib/lexer.js:584:23)\n    at Object.Lexer.next (/home/doriel/Desktop/looplab/looplab-site/node_modules/jade/lib/lexer.js:936:15)\n    at Object.Lexer.lookahead (/home/doriel/Desktop/looplab/looplab-site/node_modules/jade/lib/lexer.js:113:46)\n    at Parser.lookahead (/home/doriel/Desktop/looplab/looplab-site/node_modules/jade/lib/parser.js:102:23)\n    at Parser.peek (/home/doriel/Desktop/looplab/looplab-site/node_modules/jade/lib/parser.js:79:17)\n    at Parser.tag (/home/doriel/Desktop/looplab/looplab-site/node_modules/jade/lib/parser.js:773:22)\n    at Parser.parseTag (/home/doriel/Desktop/looplab/looplab-site/node_modules/jade/lib/parser.js:759:17)\n    at Parser.parseExpr (/home/doriel/Desktop/looplab/looplab-site/node_modules/jade/lib/parser.js:211:21)\n    at Parser.block (/home/doriel/Desktop/looplab/looplab-site/node_modules/jade/lib/parser.js:729:25)\n    at Parser.tag (/home/doriel/Desktop/looplab/looplab-site/node_modules/jade/lib/parser.js:838:24)\n    at Parser.parseTag (/home/doriel/Desktop/looplab/looplab-site/node_modules/jade/lib/parser.js:759:17)\n    at Parser.parseExpr (/home/doriel/Desktop/looplab/looplab-site/node_modules/jade/lib/parser.js:211:21)\n    at Parser.block (/home/doriel/Desktop/looplab/looplab-site/node_modules/jade/lib/parser.js:729:25)\n    at Parser.tag (/home/doriel/Desktop/looplab/looplab-site/node_modules/jade/lib/parser.js:838:24)\n    at Parser.parseTag (/home/doriel/Desktop/looplab/looplab-site/node_modules/jade/lib/parser.js:759:17)\n    at Parser.parseExpr (/home/doriel/Desktop/looplab/looplab-site/node_modules/jade/lib/parser.js:211:21)\n    at Parser.parseExpr (/home/doriel/Desktop/looplab/looplab-site/node_modules/jade/lib/parser.js:252:21)\n    at Parser.block (/home/doriel/Desktop/looplab/looplab-site/node_modules/jade/lib/parser.js:729:25)\n    at Parser.tag (/home/doriel/Desktop/looplab/looplab-site/node_modules/jade/lib/parser.js:838:24)\n    at Parser.parseTag (/home/doriel/Desktop/looplab/looplab-site/node_modules/jade/lib/parser.js:759:17)"},"msg":"Process failed: \u001b[35mlayout/post.jade\u001b[39m","time":"2016-10-15T19:41:16.240Z","v":0}
{"name":"hexo","hostname":"looplab","pid":20308,"level":50,"err":{"message":"/home/doriel/Desktop/looplab/looplab-site/themes/looplab/layout/includes/layout.jade:37\n    35|         span using\n    36|         a(href='http://hexo.io')\n  > 37|           span= ' ' + hexo blog framework ALgo + ' '\n    38|         span .\n    39|         br\n    40|         a(href=config.root) Inicio\n\nUnexpected identifier","name":"SyntaxError","stack":"SyntaxError: /home/doriel/Desktop/looplab/looplab-site/themes/looplab/layout/includes/layout.jade:37\n    35|         span using\n    36|         a(href='http://hexo.io')\n  > 37|           span= ' ' + hexo blog framework ALgo + ' '\n    38|         span .\n    39|         br\n    40|         a(href=config.root) Inicio\n\nUnexpected identifier\n    at Function (native)\n    at assertExpression (/home/doriel/Desktop/looplab/looplab-site/node_modules/jade/lib/lexer.js:30:3)\n    at Object.Lexer.code (/home/doriel/Desktop/looplab/looplab-site/node_modules/jade/lib/lexer.js:584:23)\n    at Object.Lexer.next (/home/doriel/Desktop/looplab/looplab-site/node_modules/jade/lib/lexer.js:936:15)\n    at Object.Lexer.lookahead (/home/doriel/Desktop/looplab/looplab-site/node_modules/jade/lib/lexer.js:113:46)\n    at Parser.lookahead (/home/doriel/Desktop/looplab/looplab-site/node_modules/jade/lib/parser.js:102:23)\n    at Parser.peek (/home/doriel/Desktop/looplab/looplab-site/node_modules/jade/lib/parser.js:79:17)\n    at Parser.tag (/home/doriel/Desktop/looplab/looplab-site/node_modules/jade/lib/parser.js:773:22)\n    at Parser.parseTag (/home/doriel/Desktop/looplab/looplab-site/node_modules/jade/lib/parser.js:759:17)\n    at Parser.parseExpr (/home/doriel/Desktop/looplab/looplab-site/node_modules/jade/lib/parser.js:211:21)\n    at Parser.block (/home/doriel/Desktop/looplab/looplab-site/node_modules/jade/lib/parser.js:729:25)\n    at Parser.tag (/home/doriel/Desktop/looplab/looplab-site/node_modules/jade/lib/parser.js:838:24)\n    at Parser.parseTag (/home/doriel/Desktop/looplab/looplab-site/node_modules/jade/lib/parser.js:759:17)\n    at Parser.parseExpr (/home/doriel/Desktop/looplab/looplab-site/node_modules/jade/lib/parser.js:211:21)\n    at Parser.block (/home/doriel/Desktop/looplab/looplab-site/node_modules/jade/lib/parser.js:729:25)\n    at Parser.tag (/home/doriel/Desktop/looplab/looplab-site/node_modules/jade/lib/parser.js:838:24)\n    at Parser.parseTag (/home/doriel/Desktop/looplab/looplab-site/node_modules/jade/lib/parser.js:759:17)\n    at Parser.parseExpr (/home/doriel/Desktop/looplab/looplab-site/node_modules/jade/lib/parser.js:211:21)\n    at Parser.parseExpr (/home/doriel/Desktop/looplab/looplab-site/node_modules/jade/lib/parser.js:252:21)\n    at Parser.block (/home/doriel/Desktop/looplab/looplab-site/node_modules/jade/lib/parser.js:729:25)\n    at Parser.tag (/home/doriel/Desktop/looplab/looplab-site/node_modules/jade/lib/parser.js:838:24)\n    at Parser.parseTag (/home/doriel/Desktop/looplab/looplab-site/node_modules/jade/lib/parser.js:759:17)"},"msg":"Process failed: \u001b[35mlayout/tag.jade\u001b[39m","time":"2016-10-15T19:41:16.242Z","v":0}
{"name":"hexo","hostname":"looplab","pid":20308,"level":20,"msg":"Processed: \u001b[35mlayout/includes/pagination.jade\u001b[39m","time":"2016-10-15T19:41:16.590Z","v":0}
{"name":"hexo","hostname":"looplab","pid":20308,"level":20,"msg":"Processed: \u001b[35mlayout/includes/recent-posts.jade\u001b[39m","time":"2016-10-15T19:41:16.590Z","v":0}
{"name":"hexo","hostname":"looplab","pid":20308,"level":50,"err":{"message":"/home/doriel/Desktop/looplab/looplab-site/themes/looplab/layout/includes/layout.jade:37\n    35|         span using\n    36|         a(href='http://hexo.io')\n  > 37|           span= ' ' + hexo blog framework ALgo + ' '\n    38|         span .\n    39|         br\n    40|         a(href=config.root) Inicio\n\nUnexpected identifier","name":"SyntaxError","stack":"SyntaxError: /home/doriel/Desktop/looplab/looplab-site/themes/looplab/layout/includes/layout.jade:37\n    35|         span using\n    36|         a(href='http://hexo.io')\n  > 37|           span= ' ' + hexo blog framework ALgo + ' '\n    38|         span .\n    39|         br\n    40|         a(href=config.root) Inicio\n\nUnexpected identifier\n    at Function (native)\n    at assertExpression (/home/doriel/Desktop/looplab/looplab-site/node_modules/jade/lib/lexer.js:30:3)\n    at Object.Lexer.code (/home/doriel/Desktop/looplab/looplab-site/node_modules/jade/lib/lexer.js:584:23)\n    at Object.Lexer.next (/home/doriel/Desktop/looplab/looplab-site/node_modules/jade/lib/lexer.js:936:15)\n    at Object.Lexer.lookahead (/home/doriel/Desktop/looplab/looplab-site/node_modules/jade/lib/lexer.js:113:46)\n    at Parser.lookahead (/home/doriel/Desktop/looplab/looplab-site/node_modules/jade/lib/parser.js:102:23)\n    at Parser.peek (/home/doriel/Desktop/looplab/looplab-site/node_modules/jade/lib/parser.js:79:17)\n    at Parser.tag (/home/doriel/Desktop/looplab/looplab-site/node_modules/jade/lib/parser.js:773:22)\n    at Parser.parseTag (/home/doriel/Desktop/looplab/looplab-site/node_modules/jade/lib/parser.js:759:17)\n    at Parser.parseExpr (/home/doriel/Desktop/looplab/looplab-site/node_modules/jade/lib/parser.js:211:21)\n    at Parser.block (/home/doriel/Desktop/looplab/looplab-site/node_modules/jade/lib/parser.js:729:25)\n    at Parser.tag (/home/doriel/Desktop/looplab/looplab-site/node_modules/jade/lib/parser.js:838:24)\n    at Parser.parseTag (/home/doriel/Desktop/looplab/looplab-site/node_modules/jade/lib/parser.js:759:17)\n    at Parser.parseExpr (/home/doriel/Desktop/looplab/looplab-site/node_modules/jade/lib/parser.js:211:21)\n    at Parser.block (/home/doriel/Desktop/looplab/looplab-site/node_modules/jade/lib/parser.js:729:25)\n    at Parser.tag (/home/doriel/Desktop/looplab/looplab-site/node_modules/jade/lib/parser.js:838:24)\n    at Parser.parseTag (/home/doriel/Desktop/looplab/looplab-site/node_modules/jade/lib/parser.js:759:17)\n    at Parser.parseExpr (/home/doriel/Desktop/looplab/looplab-site/node_modules/jade/lib/parser.js:211:21)\n    at Parser.parseExpr (/home/doriel/Desktop/looplab/looplab-site/node_modules/jade/lib/parser.js:252:21)\n    at Parser.block (/home/doriel/Desktop/looplab/looplab-site/node_modules/jade/lib/parser.js:729:25)\n    at Parser.tag (/home/doriel/Desktop/looplab/looplab-site/node_modules/jade/lib/parser.js:838:24)\n    at Parser.parseTag (/home/doriel/Desktop/looplab/looplab-site/node_modules/jade/lib/parser.js:759:17)"},"msg":"Process failed: \u001b[35mlayout/includes/layout.jade\u001b[39m","time":"2016-10-15T19:41:16.592Z","v":0}
{"name":"hexo","hostname":"looplab","pid":20308,"level":20,"msg":"Generator: \u001b[35mpage\u001b[39m","time":"2016-10-15T19:41:16.718Z","v":0}
{"name":"hexo","hostname":"looplab","pid":20308,"level":20,"msg":"Generator: \u001b[35mpost\u001b[39m","time":"2016-10-15T19:41:16.719Z","v":0}
{"name":"hexo","hostname":"looplab","pid":20308,"level":20,"msg":"Generator: \u001b[35marchive\u001b[39m","time":"2016-10-15T19:41:16.719Z","v":0}
{"name":"hexo","hostname":"looplab","pid":20308,"level":20,"msg":"Generator: \u001b[35mcategory\u001b[39m","time":"2016-10-15T19:41:16.719Z","v":0}
{"name":"hexo","hostname":"looplab","pid":20308,"level":20,"msg":"Generator: \u001b[35mindex\u001b[39m","time":"2016-10-15T19:41:16.720Z","v":0}
{"name":"hexo","hostname":"looplab","pid":20308,"level":20,"msg":"Generator: \u001b[35mtag\u001b[39m","time":"2016-10-15T19:41:16.720Z","v":0}
{"name":"hexo","hostname":"looplab","pid":20308,"level":20,"msg":"Generator: \u001b[35masset\u001b[39m","time":"2016-10-15T19:41:16.722Z","v":0}
{"name":"hexo","hostname":"looplab","pid":20308,"level":30,"msg":"Hexo is running at \u001b[4mhttp://localhost:4000/\u001b[24m. Press Ctrl+C to stop.","time":"2016-10-15T19:41:16.736Z","v":0}
{"name":"hexo","hostname":"looplab","pid":20308,"level":20,"msg":"Database saved","time":"2016-10-15T19:41:16.777Z","v":0}
{"name":"hexo","hostname":"looplab","pid":20308,"level":40,"msg":"No layout: \u001b[35mindex.html\u001b[39m","time":"2016-10-15T19:41:21.464Z","v":0}
{"name":"hexo","hostname":"looplab","pid":20308,"level":40,"msg":"No layout: \u001b[35mindex.html\u001b[39m","time":"2016-10-15T19:41:23.452Z","v":0}
{"name":"hexo","hostname":"looplab","pid":20308,"level":40,"msg":"No layout: \u001b[35mindex.html\u001b[39m","time":"2016-10-15T19:41:25.881Z","v":0}
{"name":"hexo","hostname":"looplab","pid":20308,"level":40,"msg":"No layout: \u001b[35mindex.html\u001b[39m","time":"2016-10-15T19:41:30.628Z","v":0}
{"name":"hexo","hostname":"looplab","pid":20308,"level":30,"msg":"Bye!","time":"2016-10-15T19:41:40.234Z","v":0}
{"name":"hexo","hostname":"looplab","pid":20308,"level":20,"msg":"Database saved","time":"2016-10-15T19:41:40.272Z","v":0}
